# JRE version: Java(TM) SE Runtime Environment (8.0_221-b11) (build 1.8.0_221-b11)
# Java VM: Java HotSpot(TM) 64-Bit Server VM (25.221-b11 mixed mode windows-amd64 compressed oops)
Heap:
 PSYoungGen      total 638976K, used 472244K [0x00000000d5580000, 0x0000000100000000, 0x0000000100000000)
  eden space 576512K, 77% used [0x00000000d5580000,0x00000000f0c80d48,0x00000000f8880000)
  from space 62464K, 36% used [0x00000000fc300000,0x00000000fd92c4d0,0x0000000100000000)
  to   space 59904K, 0% used [0x00000000f8880000,0x00000000f8880000,0x00000000fc300000)
 ParOldGen       total 156160K, used 79860K [0x0000000080000000, 0x0000000089880000, 0x00000000d5580000)
  object space 156160K, 51% used [0x0000000080000000,0x0000000084dfd010,0x0000000089880000)
 Metaspace       used 111627K, capacity 118576K, committed 118784K, reserved 1153024K
  class space    used 14759K, capacity 16012K, committed 16128K, reserved 1048576K
GC Heap History (10 events):
Event: 2734.467 GC heap before
{Heap before GC invocations=30 (full 4):
 PSYoungGen      total 510464K, used 510458K [0x00000000d5580000, 0x00000000fb980000, 0x0000000100000000)
  eden space 466432K, 100% used [0x00000000d5580000,0x00000000f1d00000,0x00000000f1d00000)
  from space 44032K, 99% used [0x00000000f1d00000,0x00000000f47fe868,0x00000000f4800000)
  to   space 52224K, 0% used [0x00000000f8680000,0x00000000f8680000,0x00000000fb980000)
 ParOldGen       total 156160K, used 55838K [0x0000000080000000, 0x0000000089880000, 0x00000000d5580000)
  object space 156160K, 35% used [0x0000000080000000,0x0000000083687ba8,0x0000000089880000)
 Metaspace       used 111120K, capacity 118054K, committed 118144K, reserved 1150976K
  class space    used 14725K, capacity 15991K, committed 16000K, reserved 1048576K
Event: 2734.563 GC heap after
Heap after GC invocations=30 (full 4):
 PSYoungGen      total 570368K, used 42437K [0x00000000d5580000, 0x00000000fd480000, 0x0000000100000000)
  eden space 518144K, 0% used [0x00000000d5580000,0x00000000d5580000,0x00000000f4f80000)
  from space 52224K, 81% used [0x00000000f8680000,0x00000000faff1678,0x00000000fb980000)
  to   space 56320K, 0% used [0x00000000f4f80000,0x00000000f4f80000,0x00000000f8680000)
 ParOldGen       total 156160K, used 55846K [0x0000000080000000, 0x0000000089880000, 0x00000000d5580000)
  object space 156160K, 35% used [0x0000000080000000,0x0000000083689ba8,0x0000000089880000)
 Metaspace       used 111120K, capacity 118054K, committed 118144K, reserved 1150976K
  class space    used 14725K, capacity 15991K, committed 16000K, reserved 1048576K
}
Event: 2735.950 GC heap before
{Heap before GC invocations=31 (full 4):
 PSYoungGen      total 570368K, used 560581K [0x00000000d5580000, 0x00000000fd480000, 0x0000000100000000)
  eden space 518144K, 100% used [0x00000000d5580000,0x00000000f4f80000,0x00000000f4f80000)
  from space 52224K, 81% used [0x00000000f8680000,0x00000000faff1678,0x00000000fb980000)
  to   space 56320K, 0% used [0x00000000f4f80000,0x00000000f4f80000,0x00000000f8680000)
 ParOldGen       total 156160K, used 55846K [0x0000000080000000, 0x0000000089880000, 0x00000000d5580000)
  object space 156160K, 35% used [0x0000000080000000,0x0000000083689ba8,0x0000000089880000)
 Metaspace       used 111179K, capacity 118132K, committed 118144K, reserved 1150976K
  class space    used 14732K, capacity 15994K, committed 16000K, reserved 1048576K
Event: 2735.992 GC heap after
Heap after GC invocations=31 (full 4):
 PSYoungGen      total 574464K, used 37937K [0x00000000d5580000, 0x0000000100000000, 0x0000000100000000)
  eden space 518144K, 0% used [0x00000000d5580000,0x00000000d5580000,0x00000000f4f80000)
  from space 56320K, 67% used [0x00000000f4f80000,0x00000000f748c728,0x00000000f8680000)
  to   space 58368K, 0% used [0x00000000fc700000,0x00000000fc700000,0x0000000100000000)
 ParOldGen       total 156160K, used 55846K [0x0000000080000000, 0x0000000089880000, 0x00000000d5580000)
  object space 156160K, 35% used [0x0000000080000000,0x0000000083689ba8,0x0000000089880000)
 Metaspace       used 111179K, capacity 118132K, committed 118144K, reserved 1150976K
  class space    used 14732K, capacity 15994K, committed 16000K, reserved 1048576K
}
Event: 2737.462 GC heap before
{Heap before GC invocations=32 (full 4):
 PSYoungGen      total 574464K, used 556081K [0x00000000d5580000, 0x0000000100000000, 0x0000000100000000)
  eden space 518144K, 100% used [0x00000000d5580000,0x00000000f4f80000,0x00000000f4f80000)
  from space 56320K, 67% used [0x00000000f4f80000,0x00000000f748c728,0x00000000f8680000)
  to   space 58368K, 0% used [0x00000000fc700000,0x00000000fc700000,0x0000000100000000)
 ParOldGen       total 156160K, used 55846K [0x0000000080000000, 0x0000000089880000, 0x00000000d5580000)
  object space 156160K, 35% used [0x0000000080000000,0x0000000083689ba8,0x0000000089880000)
 Metaspace       used 111212K, capacity 118146K, committed 118400K, reserved 1150976K
  class space    used 14735K, capacity 15997K, committed 16000K, reserved 1048576K
Event: 2737.536 GC heap after
Heap after GC invocations=32 (full 4):
 PSYoungGen      total 634368K, used 44066K [0x00000000d5580000, 0x0000000100000000, 0x0000000100000000)
  eden space 576000K, 0% used [0x00000000d5580000,0x00000000d5580000,0x00000000f8800000)
  from space 58368K, 75% used [0x00000000fc700000,0x00000000ff2088a0,0x0000000100000000)
  to   space 61440K, 0% used [0x00000000f8800000,0x00000000f8800000,0x00000000fc400000)
 ParOldGen       total 156160K, used 55854K [0x0000000080000000, 0x0000000089880000, 0x00000000d5580000)
  object space 156160K, 35% used [0x0000000080000000,0x000000008368bba8,0x0000000089880000)
 Metaspace       used 111212K, capacity 118146K, committed 118400K, reserved 1150976K
  class space    used 14735K, capacity 15997K, committed 16000K, reserved 1048576K
}
Event: 2739.367 GC heap before
{Heap before GC invocations=33 (full 4):
 PSYoungGen      total 634368K, used 620066K [0x00000000d5580000, 0x0000000100000000, 0x0000000100000000)
  eden space 576000K, 100% used [0x00000000d5580000,0x00000000f8800000,0x00000000f8800000)
  from space 58368K, 75% used [0x00000000fc700000,0x00000000ff2088a0,0x0000000100000000)
  to   space 61440K, 0% used [0x00000000f8800000,0x00000000f8800000,0x00000000fc400000)
 ParOldGen       total 156160K, used 55854K [0x0000000080000000, 0x0000000089880000, 0x00000000d5580000)
  object space 156160K, 35% used [0x0000000080000000,0x000000008368bba8,0x0000000089880000)
 Metaspace       used 111318K, capacity 118232K, committed 118400K, reserved 1150976K
  class space    used 14746K, capacity 16000K, committed 16000K, reserved 1048576K
Event: 2739.426 GC heap after
Heap after GC invocations=33 (full 4):
 PSYoungGen      total 615424K, used 38967K [0x00000000d5580000, 0x0000000100000000, 0x0000000100000000)
  eden space 576000K, 0% used [0x00000000d5580000,0x00000000d5580000,0x00000000f8800000)
  from space 39424K, 98% used [0x00000000f8800000,0x00000000fae0dcf0,0x00000000fae80000)
  to   space 62464K, 0% used [0x00000000fc300000,0x00000000fc300000,0x0000000100000000)
 ParOldGen       total 156160K, used 55854K [0x0000000080000000, 0x0000000089880000, 0x00000000d5580000)
  object space 156160K, 35% used [0x0000000080000000,0x000000008368bba8,0x0000000089880000)
 Metaspace       used 111318K, capacity 118232K, committed 118400K, reserved 1150976K
  class space    used 14746K, capacity 16000K, committed 16000K, reserved 1048576K
}
Event: 2741.433 GC heap before
{Heap before GC invocations=34 (full 4):
 PSYoungGen      total 615424K, used 614967K [0x00000000d5580000, 0x0000000100000000, 0x0000000100000000)
  eden space 576000K, 100% used [0x00000000d5580000,0x00000000f8800000,0x00000000f8800000)
  from space 39424K, 98% used [0x00000000f8800000,0x00000000fae0dcf0,0x00000000fae80000)
  to   space 62464K, 0% used [0x00000000fc300000,0x00000000fc300000,0x0000000100000000)
 ParOldGen       total 156160K, used 55854K [0x0000000080000000, 0x0000000089880000, 0x00000000d5580000)
  object space 156160K, 35% used [0x0000000080000000,0x000000008368bba8,0x0000000089880000)
 Metaspace       used 111394K, capacity 118314K, committed 118528K, reserved 1150976K
  class space    used 14749K, capacity 16001K, committed 16128K, reserved 1048576K
Event: 2741.486 GC heap after
Heap after GC invocations=34 (full 4):
 PSYoungGen      total 638976K, used 22705K [0x00000000d5580000, 0x0000000100000000, 0x0000000100000000)
  eden space 576512K, 0% used [0x00000000d5580000,0x00000000d5580000,0x00000000f8880000)
  from space 62464K, 36% used [0x00000000fc300000,0x00000000fd92c4d0,0x0000000100000000)
  to   space 59904K, 0% used [0x00000000f8880000,0x00000000f8880000,0x00000000fc300000)
 ParOldGen       total 156160K, used 79860K [0x0000000080000000, 0x0000000089880000, 0x00000000d5580000)
  object space 156160K, 51% used [0x0000000080000000,0x0000000084dfd010,0x0000000089880000)
 Metaspace       used 111394K, capacity 118314K, committed 118528K, reserved 1150976K
  class space    used 14749K, capacity 16001K, committed 16128K, reserved 1048576K
}

