# JRE version: Java(TM) SE Runtime Environment (8.0_221-b11) (build 1.8.0_221-b11)
# Java VM: Java HotSpot(TM) 64-Bit Server VM (25.221-b11 mixed mode windows-amd64 compressed oops)
Heap:
 PSYoungGen      total 263680K, used 4955K [0x00000000e0000000, 0x00000000f6280000, 0x0000000100000000)
  eden space 247808K, 1% used [0x00000000e0000000,0x00000000e04d6c90,0x00000000ef200000)
  from space 15872K, 0% used [0x00000000ef200000,0x00000000ef200000,0x00000000f0180000)
  to   space 14848K, 0% used [0x00000000f5400000,0x00000000f5400000,0x00000000f6280000)
 ParOldGen       total 89600K, used 15297K [0x00000000a0000000, 0x00000000a5780000, 0x00000000e0000000)
  object space 89600K, 17% used [0x00000000a0000000,0x00000000a0ef06f0,0x00000000a5780000)
 Metaspace       used 34666K, capacity 35540K, committed 35752K, reserved 1079296K
  class space    used 4876K, capacity 5099K, committed 5120K, reserved 1048576K
GC Heap History (10 events):
Event: 5.195 GC heap before
{Heap before GC invocations=5 (full 0):
 PSYoungGen      total 132096K, used 15816K [0x00000000e0000000, 0x00000000e8600000, 0x0000000100000000)
  eden space 126976K, 8% used [0x00000000e0000000,0x00000000e0a7a070,0x00000000e7c00000)
  from space 5120K, 99% used [0x00000000e8100000,0x00000000e85f8030,0x00000000e8600000)
  to   space 5120K, 0% used [0x00000000e7c00000,0x00000000e7c00000,0x00000000e8100000)
 ParOldGen       total 84992K, used 10755K [0x00000000a0000000, 0x00000000a5300000, 0x00000000e0000000)
  object space 84992K, 12% used [0x00000000a0000000,0x00000000a0a80d38,0x00000000a5300000)
 Metaspace       used 20714K, capacity 21258K, committed 21296K, reserved 1067008K
  class space    used 2984K, capacity 3179K, committed 3200K, reserved 1048576K
Event: 5.207 GC heap after
Heap after GC invocations=5 (full 0):
 PSYoungGen      total 132096K, used 5108K [0x00000000e0000000, 0x00000000f1100000, 0x0000000100000000)
  eden space 126976K, 0% used [0x00000000e0000000,0x00000000e0000000,0x00000000e7c00000)
  from space 5120K, 99% used [0x00000000e7c00000,0x00000000e80fd040,0x00000000e8100000)
  to   space 12800K, 0% used [0x00000000f0480000,0x00000000f0480000,0x00000000f1100000)
 ParOldGen       total 84992K, used 11511K [0x00000000a0000000, 0x00000000a5300000, 0x00000000e0000000)
  object space 84992K, 13% used [0x00000000a0000000,0x00000000a0b3dd58,0x00000000a5300000)
 Metaspace       used 20714K, capacity 21258K, committed 21296K, reserved 1067008K
  class space    used 2984K, capacity 3179K, committed 3200K, reserved 1048576K
}
Event: 5.208 GC heap before
{Heap before GC invocations=6 (full 1):
 PSYoungGen      total 132096K, used 5108K [0x00000000e0000000, 0x00000000f1100000, 0x0000000100000000)
  eden space 126976K, 0% used [0x00000000e0000000,0x00000000e0000000,0x00000000e7c00000)
  from space 5120K, 99% used [0x00000000e7c00000,0x00000000e80fd040,0x00000000e8100000)
  to   space 12800K, 0% used [0x00000000f0480000,0x00000000f0480000,0x00000000f1100000)
 ParOldGen       total 84992K, used 11511K [0x00000000a0000000, 0x00000000a5300000, 0x00000000e0000000)
  object space 84992K, 13% used [0x00000000a0000000,0x00000000a0b3dd58,0x00000000a5300000)
 Metaspace       used 20714K, capacity 21258K, committed 21296K, reserved 1067008K
  class space    used 2984K, capacity 3179K, committed 3200K, reserved 1048576K
Event: 5.285 GC heap after
Heap after GC invocations=6 (full 1):
 PSYoungGen      total 132096K, used 0K [0x00000000e0000000, 0x00000000f1100000, 0x0000000100000000)
  eden space 126976K, 0% used [0x00000000e0000000,0x00000000e0000000,0x00000000e7c00000)
  from space 5120K, 0% used [0x00000000e7c00000,0x00000000e7c00000,0x00000000e8100000)
  to   space 12800K, 0% used [0x00000000f0480000,0x00000000f0480000,0x00000000f1100000)
 ParOldGen       total 62976K, used 12108K [0x00000000a0000000, 0x00000000a3d80000, 0x00000000e0000000)
  object space 62976K, 19% used [0x00000000a0000000,0x00000000a0bd3210,0x00000000a3d80000)
 Metaspace       used 20714K, capacity 21258K, committed 21296K, reserved 1067008K
  class space    used 2984K, capacity 3179K, committed 3200K, reserved 1048576K
}
Event: 7.643 GC heap before
{Heap before GC invocations=7 (full 1):
 PSYoungGen      total 132096K, used 126976K [0x00000000e0000000, 0x00000000f1100000, 0x0000000100000000)
  eden space 126976K, 100% used [0x00000000e0000000,0x00000000e7c00000,0x00000000e7c00000)
  from space 5120K, 0% used [0x00000000e7c00000,0x00000000e7c00000,0x00000000e8100000)
  to   space 12800K, 0% used [0x00000000f0480000,0x00000000f0480000,0x00000000f1100000)
 ParOldGen       total 62976K, used 12108K [0x00000000a0000000, 0x00000000a3d80000, 0x00000000e0000000)
  object space 62976K, 19% used [0x00000000a0000000,0x00000000a0bd3210,0x00000000a3d80000)
 Metaspace       used 32356K, capacity 33174K, committed 33408K, reserved 1077248K
  class space    used 4524K, capacity 4736K, committed 4736K, reserved 1048576K
Event: 7.687 GC heap after
Heap after GC invocations=7 (full 1):
 PSYoungGen      total 217600K, used 12790K [0x00000000e0000000, 0x00000000f1100000, 0x0000000100000000)
  eden space 204800K, 0% used [0x00000000e0000000,0x00000000e0000000,0x00000000ec800000)
  from space 12800K, 99% used [0x00000000f0480000,0x00000000f10fda78,0x00000000f1100000)
  to   space 15872K, 0% used [0x00000000ef200000,0x00000000ef200000,0x00000000f0180000)
 ParOldGen       total 62976K, used 12600K [0x00000000a0000000, 0x00000000a3d80000, 0x00000000e0000000)
  object space 62976K, 20% used [0x00000000a0000000,0x00000000a0c4e230,0x00000000a3d80000)
 Metaspace       used 32356K, capacity 33174K, committed 33408K, reserved 1077248K
  class space    used 4524K, capacity 4736K, committed 4736K, reserved 1048576K
}
Event: 8.425 GC heap before
{Heap before GC invocations=8 (full 1):
 PSYoungGen      total 217600K, used 60948K [0x00000000e0000000, 0x00000000f1100000, 0x0000000100000000)
  eden space 204800K, 23% used [0x00000000e0000000,0x00000000e2f078b8,0x00000000ec800000)
  from space 12800K, 99% used [0x00000000f0480000,0x00000000f10fda78,0x00000000f1100000)
  to   space 15872K, 0% used [0x00000000ef200000,0x00000000ef200000,0x00000000f0180000)
 ParOldGen       total 62976K, used 12600K [0x00000000a0000000, 0x00000000a3d80000, 0x00000000e0000000)
  object space 62976K, 20% used [0x00000000a0000000,0x00000000a0c4e230,0x00000000a3d80000)
 Metaspace       used 34648K, capacity 35460K, committed 35496K, reserved 1079296K
  class space    used 4870K, capacity 5097K, committed 5120K, reserved 1048576K
Event: 8.447 GC heap after
Heap after GC invocations=8 (full 1):
 PSYoungGen      total 263680K, used 8612K [0x00000000e0000000, 0x00000000f6280000, 0x0000000100000000)
  eden space 247808K, 0% used [0x00000000e0000000,0x00000000e0000000,0x00000000ef200000)
  from space 15872K, 54% used [0x00000000ef200000,0x00000000efa693c8,0x00000000f0180000)
  to   space 14848K, 0% used [0x00000000f5400000,0x00000000f5400000,0x00000000f6280000)
 ParOldGen       total 62976K, used 12608K [0x00000000a0000000, 0x00000000a3d80000, 0x00000000e0000000)
  object space 62976K, 20% used [0x00000000a0000000,0x00000000a0c50230,0x00000000a3d80000)
 Metaspace       used 34648K, capacity 35460K, committed 35496K, reserved 1079296K
  class space    used 4870K, capacity 5097K, committed 5120K, reserved 1048576K
}
Event: 8.447 GC heap before
{Heap before GC invocations=9 (full 2):
 PSYoungGen      total 263680K, used 8612K [0x00000000e0000000, 0x00000000f6280000, 0x0000000100000000)
  eden space 247808K, 0% used [0x00000000e0000000,0x00000000e0000000,0x00000000ef200000)
  from space 15872K, 54% used [0x00000000ef200000,0x00000000efa693c8,0x00000000f0180000)
  to   space 14848K, 0% used [0x00000000f5400000,0x00000000f5400000,0x00000000f6280000)
 ParOldGen       total 62976K, used 12608K [0x00000000a0000000, 0x00000000a3d80000, 0x00000000e0000000)
  object space 62976K, 20% used [0x00000000a0000000,0x00000000a0c50230,0x00000000a3d80000)
 Metaspace       used 34648K, capacity 35460K, committed 35496K, reserved 1079296K
  class space    used 4870K, capacity 5097K, committed 5120K, reserved 1048576K
Event: 8.593 GC heap after
Heap after GC invocations=9 (full 2):
 PSYoungGen      total 263680K, used 0K [0x00000000e0000000, 0x00000000f6280000, 0x0000000100000000)
  eden space 247808K, 0% used [0x00000000e0000000,0x00000000e0000000,0x00000000ef200000)
  from space 15872K, 0% used [0x00000000ef200000,0x00000000ef200000,0x00000000f0180000)
  to   space 14848K, 0% used [0x00000000f5400000,0x00000000f5400000,0x00000000f6280000)
 ParOldGen       total 89600K, used 15297K [0x00000000a0000000, 0x00000000a5780000, 0x00000000e0000000)
  object space 89600K, 17% used [0x00000000a0000000,0x00000000a0ef06f0,0x00000000a5780000)
 Metaspace       used 34648K, capacity 35460K, committed 35496K, reserved 1079296K
  class space    used 4870K, capacity 5097K, committed 5120K, reserved 1048576K
}

