# JRE version: Java(TM) SE Runtime Environment (8.0_221-b11) (build 1.8.0_221-b11)
# Java VM: Java HotSpot(TM) 64-Bit Server VM (25.221-b11 mixed mode windows-amd64 compressed oops)
Heap:
 PSYoungGen      total 419840K, used 230485K [0x00000000d5580000, 0x00000000f1a80000, 0x0000000100000000)
  eden space 393216K, 53% used [0x00000000d5580000,0x00000000e23a7808,0x00000000ed580000)
  from space 26624K, 72% used [0x00000000ef100000,0x00000000f03edd00,0x00000000f0b00000)
  to   space 28160K, 0% used [0x00000000ed580000,0x00000000ed580000,0x00000000ef100000)
 ParOldGen       total 115200K, used 70200K [0x0000000080000000, 0x0000000087080000, 0x00000000d5580000)
  object space 115200K, 60% used [0x0000000080000000,0x000000008448e110,0x0000000087080000)
 Metaspace       used 76542K, capacity 80504K, committed 80768K, reserved 1118208K
  class space    used 10588K, capacity 11315K, committed 11392K, reserved 1048576K
GC Heap History (10 events):
Event: 34.815 GC heap before
{Heap before GC invocations=19 (full 3):
 PSYoungGen      total 258048K, used 235483K [0x00000000d5580000, 0x00000000ea280000, 0x0000000100000000)
  eden space 229376K, 100% used [0x00000000d5580000,0x00000000e3580000,0x00000000e3580000)
  from space 28672K, 21% used [0x00000000e3580000,0x00000000e3b76c98,0x00000000e5180000)
  to   space 28160K, 0% used [0x00000000e8700000,0x00000000e8700000,0x00000000ea280000)
 ParOldGen       total 115200K, used 70184K [0x0000000080000000, 0x0000000087080000, 0x00000000d5580000)
  object space 115200K, 60% used [0x0000000080000000,0x000000008448a110,0x0000000087080000)
 Metaspace       used 75649K, capacity 79488K, committed 79616K, reserved 1118208K
  class space    used 10522K, capacity 11253K, committed 11264K, reserved 1048576K
Event: 34.835 GC heap after
Heap after GC invocations=19 (full 3):
 PSYoungGen      total 307712K, used 6359K [0x00000000d5580000, 0x00000000e9f00000, 0x0000000100000000)
  eden space 283136K, 0% used [0x00000000d5580000,0x00000000d5580000,0x00000000e6a00000)
  from space 24576K, 25% used [0x00000000e8700000,0x00000000e8d35cc8,0x00000000e9f00000)
  to   space 27136K, 0% used [0x00000000e6a00000,0x00000000e6a00000,0x00000000e8480000)
 ParOldGen       total 115200K, used 70184K [0x0000000080000000, 0x0000000087080000, 0x00000000d5580000)
  object space 115200K, 60% used [0x0000000080000000,0x000000008448a110,0x0000000087080000)
 Metaspace       used 75649K, capacity 79488K, committed 79616K, reserved 1118208K
  class space    used 10522K, capacity 11253K, committed 11264K, reserved 1048576K
}
Event: 36.259 GC heap before
{Heap before GC invocations=20 (full 3):
 PSYoungGen      total 307712K, used 289495K [0x00000000d5580000, 0x00000000e9f00000, 0x0000000100000000)
  eden space 283136K, 100% used [0x00000000d5580000,0x00000000e6a00000,0x00000000e6a00000)
  from space 24576K, 25% used [0x00000000e8700000,0x00000000e8d35cc8,0x00000000e9f00000)
  to   space 27136K, 0% used [0x00000000e6a00000,0x00000000e6a00000,0x00000000e8480000)
 ParOldGen       total 115200K, used 70184K [0x0000000080000000, 0x0000000087080000, 0x00000000d5580000)
  object space 115200K, 60% used [0x0000000080000000,0x000000008448a110,0x0000000087080000)
 Metaspace       used 75787K, capacity 79638K, committed 79872K, reserved 1118208K
  class space    used 10529K, capacity 11256K, committed 11264K, reserved 1048576K
Event: 36.297 GC heap after
Heap after GC invocations=20 (full 3):
 PSYoungGen      total 310272K, used 7780K [0x00000000d5580000, 0x00000000ecb00000, 0x0000000100000000)
  eden space 283136K, 0% used [0x00000000d5580000,0x00000000d5580000,0x00000000e6a00000)
  from space 27136K, 28% used [0x00000000e6a00000,0x00000000e7199140,0x00000000e8480000)
  to   space 26112K, 0% used [0x00000000eb180000,0x00000000eb180000,0x00000000ecb00000)
 ParOldGen       total 115200K, used 70192K [0x0000000080000000, 0x0000000087080000, 0x00000000d5580000)
  object space 115200K, 60% used [0x0000000080000000,0x000000008448c110,0x0000000087080000)
 Metaspace       used 75787K, capacity 79638K, committed 79872K, reserved 1118208K
  class space    used 10529K, capacity 11256K, committed 11264K, reserved 1048576K
}
Event: 37.815 GC heap before
{Heap before GC invocations=21 (full 3):
 PSYoungGen      total 310272K, used 290916K [0x00000000d5580000, 0x00000000ecb00000, 0x0000000100000000)
  eden space 283136K, 100% used [0x00000000d5580000,0x00000000e6a00000,0x00000000e6a00000)
  from space 27136K, 28% used [0x00000000e6a00000,0x00000000e7199140,0x00000000e8480000)
  to   space 26112K, 0% used [0x00000000eb180000,0x00000000eb180000,0x00000000ecb00000)
 ParOldGen       total 115200K, used 70192K [0x0000000080000000, 0x0000000087080000, 0x00000000d5580000)
  object space 115200K, 60% used [0x0000000080000000,0x000000008448c110,0x0000000087080000)
 Metaspace       used 75848K, capacity 79732K, committed 79872K, reserved 1118208K
  class space    used 10530K, capacity 11257K, committed 11264K, reserved 1048576K
Event: 37.865 GC heap after
Heap after GC invocations=21 (full 3):
 PSYoungGen      total 357888K, used 9422K [0x00000000d5580000, 0x00000000ecb80000, 0x0000000100000000)
  eden space 331776K, 0% used [0x00000000d5580000,0x00000000d5580000,0x00000000e9980000)
  from space 26112K, 36% used [0x00000000eb180000,0x00000000ebab3970,0x00000000ecb00000)
  to   space 24576K, 0% used [0x00000000e9980000,0x00000000e9980000,0x00000000eb180000)
 ParOldGen       total 115200K, used 70200K [0x0000000080000000, 0x0000000087080000, 0x00000000d5580000)
  object space 115200K, 60% used [0x0000000080000000,0x000000008448e110,0x0000000087080000)
 Metaspace       used 75848K, capacity 79732K, committed 79872K, reserved 1118208K
  class space    used 10530K, capacity 11257K, committed 11264K, reserved 1048576K
}
Event: 39.785 GC heap before
{Heap before GC invocations=22 (full 3):
 PSYoungGen      total 357888K, used 341198K [0x00000000d5580000, 0x00000000ecb80000, 0x0000000100000000)
  eden space 331776K, 100% used [0x00000000d5580000,0x00000000e9980000,0x00000000e9980000)
  from space 26112K, 36% used [0x00000000eb180000,0x00000000ebab3970,0x00000000ecb00000)
  to   space 24576K, 0% used [0x00000000e9980000,0x00000000e9980000,0x00000000eb180000)
 ParOldGen       total 115200K, used 70200K [0x0000000080000000, 0x0000000087080000, 0x00000000d5580000)
  object space 115200K, 60% used [0x0000000080000000,0x000000008448e110,0x0000000087080000)
 Metaspace       used 75919K, capacity 79816K, committed 79872K, reserved 1118208K
  class space    used 10531K, capacity 11259K, committed 11264K, reserved 1048576K
Event: 39.853 GC heap after
Heap after GC invocations=22 (full 3):
 PSYoungGen      total 356352K, used 19482K [0x00000000d5580000, 0x00000000f0b00000, 0x0000000100000000)
  eden space 331776K, 0% used [0x00000000d5580000,0x00000000d5580000,0x00000000e9980000)
  from space 24576K, 79% used [0x00000000e9980000,0x00000000eac86848,0x00000000eb180000)
  to   space 26624K, 0% used [0x00000000ef100000,0x00000000ef100000,0x00000000f0b00000)
 ParOldGen       total 115200K, used 70200K [0x0000000080000000, 0x0000000087080000, 0x00000000d5580000)
  object space 115200K, 60% used [0x0000000080000000,0x000000008448e110,0x0000000087080000)
 Metaspace       used 75919K, capacity 79816K, committed 79872K, reserved 1118208K
  class space    used 10531K, capacity 11259K, committed 11264K, reserved 1048576K
}
Event: 42.590 GC heap before
{Heap before GC invocations=23 (full 3):
 PSYoungGen      total 356352K, used 351258K [0x00000000d5580000, 0x00000000f0b00000, 0x0000000100000000)
  eden space 331776K, 100% used [0x00000000d5580000,0x00000000e9980000,0x00000000e9980000)
  from space 24576K, 79% used [0x00000000e9980000,0x00000000eac86848,0x00000000eb180000)
  to   space 26624K, 0% used [0x00000000ef100000,0x00000000ef100000,0x00000000f0b00000)
 ParOldGen       total 115200K, used 70200K [0x0000000080000000, 0x0000000087080000, 0x00000000d5580000)
  object space 115200K, 60% used [0x0000000080000000,0x000000008448e110,0x0000000087080000)
 Metaspace       used 76076K, capacity 79900K, committed 80128K, reserved 1118208K
  class space    used 10532K, capacity 11261K, committed 11264K, reserved 1048576K
Event: 42.817 GC heap after
Heap after GC invocations=23 (full 3):
 PSYoungGen      total 419840K, used 19383K [0x00000000d5580000, 0x00000000f1a80000, 0x0000000100000000)
  eden space 393216K, 0% used [0x00000000d5580000,0x00000000d5580000,0x00000000ed580000)
  from space 26624K, 72% used [0x00000000ef100000,0x00000000f03edd00,0x00000000f0b00000)
  to   space 28160K, 0% used [0x00000000ed580000,0x00000000ed580000,0x00000000ef100000)
 ParOldGen       total 115200K, used 70200K [0x0000000080000000, 0x0000000087080000, 0x00000000d5580000)
  object space 115200K, 60% used [0x0000000080000000,0x000000008448e110,0x0000000087080000)
 Metaspace       used 76076K, capacity 79900K, committed 80128K, reserved 1118208K
  class space    used 10532K, capacity 11261K, committed 11264K, reserved 1048576K
}

