# JRE version: Java(TM) SE Runtime Environment (8.0_221-b11) (build 1.8.0_221-b11)
# Java VM: Java HotSpot(TM) 64-Bit Server VM (25.221-b11 mixed mode windows-amd64 compressed oops)
Heap:
 PSYoungGen      total 91648K, used 30611K [0x00000000d5580000, 0x00000000dbb00000, 0x0000000100000000)
  eden space 80384K, 28% used [0x00000000d5580000,0x00000000d6bcf1e8,0x00000000da400000)
  from space 11264K, 68% used [0x00000000daf80000,0x00000000db715b40,0x00000000dba80000)
  to   space 11776K, 0% used [0x00000000da400000,0x00000000da400000,0x00000000daf80000)
 ParOldGen       total 48640K, used 7724K [0x0000000080000000, 0x0000000082f80000, 0x00000000d5580000)
  object space 48640K, 15% used [0x0000000080000000,0x000000008078b268,0x0000000082f80000)
 Metaspace       used 34199K, capacity 35034K, committed 35328K, reserved 1079296K
  class space    used 4807K, capacity 5026K, committed 5120K, reserved 1048576K
GC Heap History (10 events):
Event: 10.228 GC heap before
{Heap before GC invocations=7 (full 0):
 PSYoungGen      total 40960K, used 12575K [0x00000000d5580000, 0x00000000d8880000, 0x0000000100000000)
  eden space 30720K, 12% used [0x00000000d5580000,0x00000000d5962118,0x00000000d7380000)
  from space 10240K, 83% used [0x00000000d7e00000,0x00000000d8665d98,0x00000000d8800000)
  to   space 10752K, 0% used [0x00000000d7380000,0x00000000d7380000,0x00000000d7e00000)
 ParOldGen       total 84992K, used 6579K [0x0000000080000000, 0x0000000085300000, 0x00000000d5580000)
  object space 84992K, 7% used [0x0000000080000000,0x000000008066cfb8,0x0000000085300000)
 Metaspace       used 20611K, capacity 21258K, committed 21296K, reserved 1067008K
  class space    used 2958K, capacity 3179K, committed 3200K, reserved 1048576K
Event: 10.242 GC heap after
Heap after GC invocations=7 (full 0):
 PSYoungGen      total 41472K, used 4091K [0x00000000d5580000, 0x00000000da680000, 0x0000000100000000)
  eden space 30720K, 0% used [0x00000000d5580000,0x00000000d5580000,0x00000000d7380000)
  from space 10752K, 38% used [0x00000000d7380000,0x00000000d777eec8,0x00000000d7e00000)
  to   space 10752K, 0% used [0x00000000d9c00000,0x00000000d9c00000,0x00000000da680000)
 ParOldGen       total 84992K, used 8896K [0x0000000080000000, 0x0000000085300000, 0x00000000d5580000)
  object space 84992K, 10% used [0x0000000080000000,0x00000000808b0018,0x0000000085300000)
 Metaspace       used 20611K, capacity 21258K, committed 21296K, reserved 1067008K
  class space    used 2958K, capacity 3179K, committed 3200K, reserved 1048576K
}
Event: 10.242 GC heap before
{Heap before GC invocations=8 (full 1):
 PSYoungGen      total 41472K, used 4091K [0x00000000d5580000, 0x00000000da680000, 0x0000000100000000)
  eden space 30720K, 0% used [0x00000000d5580000,0x00000000d5580000,0x00000000d7380000)
  from space 10752K, 38% used [0x00000000d7380000,0x00000000d777eec8,0x00000000d7e00000)
  to   space 10752K, 0% used [0x00000000d9c00000,0x00000000d9c00000,0x00000000da680000)
 ParOldGen       total 84992K, used 8896K [0x0000000080000000, 0x0000000085300000, 0x00000000d5580000)
  object space 84992K, 10% used [0x0000000080000000,0x00000000808b0018,0x0000000085300000)
 Metaspace       used 20611K, capacity 21258K, committed 21296K, reserved 1067008K
  class space    used 2958K, capacity 3179K, committed 3200K, reserved 1048576K
Event: 10.345 GC heap after
Heap after GC invocations=8 (full 1):
 PSYoungGen      total 41472K, used 0K [0x00000000d5580000, 0x00000000da680000, 0x0000000100000000)
  eden space 30720K, 0% used [0x00000000d5580000,0x00000000d5580000,0x00000000d7380000)
  from space 10752K, 0% used [0x00000000d7380000,0x00000000d7380000,0x00000000d7e00000)
  to   space 10752K, 0% used [0x00000000d9c00000,0x00000000d9c00000,0x00000000da680000)
 ParOldGen       total 48640K, used 7091K [0x0000000080000000, 0x0000000082f80000, 0x00000000d5580000)
  object space 48640K, 14% used [0x0000000080000000,0x00000000806ece60,0x0000000082f80000)
 Metaspace       used 20611K, capacity 21258K, committed 21296K, reserved 1067008K
  class space    used 2958K, capacity 3179K, committed 3200K, reserved 1048576K
}
Event: 11.162 GC heap before
{Heap before GC invocations=9 (full 1):
 PSYoungGen      total 41472K, used 30720K [0x00000000d5580000, 0x00000000da680000, 0x0000000100000000)
  eden space 30720K, 100% used [0x00000000d5580000,0x00000000d7380000,0x00000000d7380000)
  from space 10752K, 0% used [0x00000000d7380000,0x00000000d7380000,0x00000000d7e00000)
  to   space 10752K, 0% used [0x00000000d9c00000,0x00000000d9c00000,0x00000000da680000)
 ParOldGen       total 48640K, used 7091K [0x0000000080000000, 0x0000000082f80000, 0x00000000d5580000)
  object space 48640K, 14% used [0x0000000080000000,0x00000000806ece60,0x0000000082f80000)
 Metaspace       used 22696K, capacity 23360K, committed 23552K, reserved 1069056K
  class space    used 3305K, capacity 3540K, committed 3584K, reserved 1048576K
Event: 11.176 GC heap after
Heap after GC invocations=9 (full 1):
 PSYoungGen      total 59904K, used 2680K [0x00000000d5580000, 0x00000000da080000, 0x0000000100000000)
  eden space 55296K, 0% used [0x00000000d5580000,0x00000000d5580000,0x00000000d8b80000)
  from space 4608K, 58% used [0x00000000d9c00000,0x00000000d9e9e1b8,0x00000000da080000)
  to   space 10752K, 0% used [0x00000000d8b80000,0x00000000d8b80000,0x00000000d9600000)
 ParOldGen       total 48640K, used 7099K [0x0000000080000000, 0x0000000082f80000, 0x00000000d5580000)
  object space 48640K, 14% used [0x0000000080000000,0x00000000806eee60,0x0000000082f80000)
 Metaspace       used 22696K, capacity 23360K, committed 23552K, reserved 1069056K
  class space    used 3305K, capacity 3540K, committed 3584K, reserved 1048576K
}
Event: 13.239 GC heap before
{Heap before GC invocations=10 (full 1):
 PSYoungGen      total 59904K, used 57976K [0x00000000d5580000, 0x00000000da080000, 0x0000000100000000)
  eden space 55296K, 100% used [0x00000000d5580000,0x00000000d8b80000,0x00000000d8b80000)
  from space 4608K, 58% used [0x00000000d9c00000,0x00000000d9e9e1b8,0x00000000da080000)
  to   space 10752K, 0% used [0x00000000d8b80000,0x00000000d8b80000,0x00000000d9600000)
 ParOldGen       total 48640K, used 7099K [0x0000000080000000, 0x0000000082f80000, 0x00000000d5580000)
  object space 48640K, 14% used [0x0000000080000000,0x00000000806eee60,0x0000000082f80000)
 Metaspace       used 30306K, capacity 30986K, committed 31360K, reserved 1077248K
  class space    used 4184K, capacity 4386K, committed 4480K, reserved 1048576K
Event: 13.253 GC heap after
Heap after GC invocations=10 (full 1):
 PSYoungGen      total 66048K, used 8019K [0x00000000d5580000, 0x00000000dba80000, 0x0000000100000000)
  eden space 55296K, 0% used [0x00000000d5580000,0x00000000d5580000,0x00000000d8b80000)
  from space 10752K, 74% used [0x00000000d8b80000,0x00000000d9354d10,0x00000000d9600000)
  to   space 11264K, 0% used [0x00000000daf80000,0x00000000daf80000,0x00000000dba80000)
 ParOldGen       total 48640K, used 7107K [0x0000000080000000, 0x0000000082f80000, 0x00000000d5580000)
  object space 48640K, 14% used [0x0000000080000000,0x00000000806f0e60,0x0000000082f80000)
 Metaspace       used 30306K, capacity 30986K, committed 31360K, reserved 1077248K
  class space    used 4184K, capacity 4386K, committed 4480K, reserved 1048576K
}
Event: 16.648 GC heap before
{Heap before GC invocations=11 (full 1):
 PSYoungGen      total 66048K, used 63315K [0x00000000d5580000, 0x00000000dba80000, 0x0000000100000000)
  eden space 55296K, 100% used [0x00000000d5580000,0x00000000d8b80000,0x00000000d8b80000)
  from space 10752K, 74% used [0x00000000d8b80000,0x00000000d9354d10,0x00000000d9600000)
  to   space 11264K, 0% used [0x00000000daf80000,0x00000000daf80000,0x00000000dba80000)
 ParOldGen       total 48640K, used 7107K [0x0000000080000000, 0x0000000082f80000, 0x00000000d5580000)
  object space 48640K, 14% used [0x0000000080000000,0x00000000806f0e60,0x0000000082f80000)
 Metaspace       used 33083K, capacity 33898K, committed 34176K, reserved 1079296K
  class space    used 4635K, capacity 4866K, committed 4992K, reserved 1048576K
Event: 16.738 GC heap after
Heap after GC invocations=11 (full 1):
 PSYoungGen      total 91648K, used 7766K [0x00000000d5580000, 0x00000000dbb00000, 0x0000000100000000)
  eden space 80384K, 0% used [0x00000000d5580000,0x00000000d5580000,0x00000000da400000)
  from space 11264K, 68% used [0x00000000daf80000,0x00000000db715b40,0x00000000dba80000)
  to   space 11776K, 0% used [0x00000000da400000,0x00000000da400000,0x00000000daf80000)
 ParOldGen       total 48640K, used 7724K [0x0000000080000000, 0x0000000082f80000, 0x00000000d5580000)
  object space 48640K, 15% used [0x0000000080000000,0x000000008078b268,0x0000000082f80000)
 Metaspace       used 33083K, capacity 33898K, committed 34176K, reserved 1079296K
  class space    used 4635K, capacity 4866K, committed 4992K, reserved 1048576K
}

