# JRE version: Java(TM) SE Runtime Environment (8.0_221-b11) (build 1.8.0_221-b11)
# Java VM: Java HotSpot(TM) 64-Bit Server VM (25.221-b11 mixed mode windows-amd64 compressed oops)
Heap:
 PSYoungGen      total 239104K, used 480K [0x00000000d5580000, 0x00000000e4d00000, 0x0000000100000000)
  eden space 224768K, 0% used [0x00000000d5580000,0x00000000d5580000,0x00000000e3100000)
  from space 14336K, 3% used [0x00000000e3100000,0x00000000e3178000,0x00000000e3f00000)
  to   space 10240K, 0% used [0x00000000e4300000,0x00000000e4300000,0x00000000e4d00000)
 ParOldGen       total 70144K, used 18436K [0x0000000080000000, 0x0000000084480000, 0x00000000d5580000)
  object space 70144K, 26% used [0x0000000080000000,0x00000000812010c0,0x0000000084480000)
 Metaspace       used 44418K, capacity 45912K, committed 45952K, reserved 1095680K
  class space    used 6160K, capacity 6518K, committed 6528K, reserved 1048576K
GC Heap History (10 events):
Event: 11.536 GC heap after
Heap after GC invocations=11 (full 2):
 PSYoungGen      total 239104K, used 12751K [0x00000000d5580000, 0x00000000e4d00000, 0x0000000100000000)
  eden space 224768K, 0% used [0x00000000d5580000,0x00000000d5580000,0x00000000e3100000)
  from space 14336K, 88% used [0x00000000e3100000,0x00000000e3d73f80,0x00000000e3f00000)
  to   space 10240K, 0% used [0x00000000e4300000,0x00000000e4300000,0x00000000e4d00000)
 ParOldGen       total 70144K, used 15483K [0x0000000080000000, 0x0000000084480000, 0x00000000d5580000)
  object space 70144K, 22% used [0x0000000080000000,0x0000000080f1efb8,0x0000000084480000)
 Metaspace       used 43848K, capacity 45360K, committed 45440K, reserved 1091584K
  class space    used 6097K, capacity 6458K, committed 6528K, reserved 1048576K
}
Event: 11.537 GC heap before
{Heap before GC invocations=12 (full 3):
 PSYoungGen      total 239104K, used 12751K [0x00000000d5580000, 0x00000000e4d00000, 0x0000000100000000)
  eden space 224768K, 0% used [0x00000000d5580000,0x00000000d5580000,0x00000000e3100000)
  from space 14336K, 88% used [0x00000000e3100000,0x00000000e3d73f80,0x00000000e3f00000)
  to   space 10240K, 0% used [0x00000000e4300000,0x00000000e4300000,0x00000000e4d00000)
 ParOldGen       total 70144K, used 15483K [0x0000000080000000, 0x0000000084480000, 0x00000000d5580000)
  object space 70144K, 22% used [0x0000000080000000,0x0000000080f1efb8,0x0000000084480000)
 Metaspace       used 43848K, capacity 45360K, committed 45440K, reserved 1091584K
  class space    used 6097K, capacity 6458K, committed 6528K, reserved 1048576K
Event: 11.818 GC heap after
Heap after GC invocations=12 (full 3):
 PSYoungGen      total 239104K, used 0K [0x00000000d5580000, 0x00000000e4d00000, 0x0000000100000000)
  eden space 224768K, 0% used [0x00000000d5580000,0x00000000d5580000,0x00000000e3100000)
  from space 14336K, 0% used [0x00000000e3100000,0x00000000e3100000,0x00000000e3f00000)
  to   space 10240K, 0% used [0x00000000e4300000,0x00000000e4300000,0x00000000e4d00000)
 ParOldGen       total 70144K, used 24646K [0x0000000080000000, 0x0000000084480000, 0x00000000d5580000)
  object space 70144K, 35% used [0x0000000080000000,0x0000000081811a68,0x0000000084480000)
 Metaspace       used 43841K, capacity 45336K, committed 45440K, reserved 1089536K
  class space    used 6094K, capacity 6454K, committed 6528K, reserved 1048576K
}
Event: 11.859 GC heap before
{Heap before GC invocations=13 (full 3):
 PSYoungGen      total 239104K, used 4437K [0x00000000d5580000, 0x00000000e4d00000, 0x0000000100000000)
  eden space 224768K, 1% used [0x00000000d5580000,0x00000000d59d5530,0x00000000e3100000)
  from space 14336K, 0% used [0x00000000e3100000,0x00000000e3100000,0x00000000e3f00000)
  to   space 10240K, 0% used [0x00000000e4300000,0x00000000e4300000,0x00000000e4d00000)
 ParOldGen       total 70144K, used 24646K [0x0000000080000000, 0x0000000084480000, 0x00000000d5580000)
  object space 70144K, 35% used [0x0000000080000000,0x0000000081811a68,0x0000000084480000)
 Metaspace       used 44126K, capacity 45624K, committed 45696K, reserved 1093632K
  class space    used 6125K, capacity 6486K, committed 6528K, reserved 1048576K
Event: 11.861 GC heap after
Heap after GC invocations=13 (full 3):
 PSYoungGen      total 235008K, used 128K [0x00000000d5580000, 0x00000000e4d00000, 0x0000000100000000)
  eden space 224768K, 0% used [0x00000000d5580000,0x00000000d5580000,0x00000000e3100000)
  from space 10240K, 1% used [0x00000000e4300000,0x00000000e4320000,0x00000000e4d00000)
  to   space 14336K, 0% used [0x00000000e3100000,0x00000000e3100000,0x00000000e3f00000)
 ParOldGen       total 70144K, used 24654K [0x0000000080000000, 0x0000000084480000, 0x00000000d5580000)
  object space 70144K, 35% used [0x0000000080000000,0x0000000081813a68,0x0000000084480000)
 Metaspace       used 44126K, capacity 45624K, committed 45696K, reserved 1093632K
  class space    used 6125K, capacity 6486K, committed 6528K, reserved 1048576K
}
Event: 11.861 GC heap before
{Heap before GC invocations=14 (full 4):
 PSYoungGen      total 235008K, used 128K [0x00000000d5580000, 0x00000000e4d00000, 0x0000000100000000)
  eden space 224768K, 0% used [0x00000000d5580000,0x00000000d5580000,0x00000000e3100000)
  from space 10240K, 1% used [0x00000000e4300000,0x00000000e4320000,0x00000000e4d00000)
  to   space 14336K, 0% used [0x00000000e3100000,0x00000000e3100000,0x00000000e3f00000)
 ParOldGen       total 70144K, used 24654K [0x0000000080000000, 0x0000000084480000, 0x00000000d5580000)
  object space 70144K, 35% used [0x0000000080000000,0x0000000081813a68,0x0000000084480000)
 Metaspace       used 44126K, capacity 45624K, committed 45696K, reserved 1093632K
  class space    used 6125K, capacity 6486K, committed 6528K, reserved 1048576K
Event: 11.928 GC heap after
Heap after GC invocations=14 (full 4):
 PSYoungGen      total 235008K, used 0K [0x00000000d5580000, 0x00000000e4d00000, 0x0000000100000000)
  eden space 224768K, 0% used [0x00000000d5580000,0x00000000d5580000,0x00000000e3100000)
  from space 10240K, 0% used [0x00000000e4300000,0x00000000e4300000,0x00000000e4d00000)
  to   space 14336K, 0% used [0x00000000e3100000,0x00000000e3100000,0x00000000e3f00000)
 ParOldGen       total 70144K, used 18428K [0x0000000080000000, 0x0000000084480000, 0x00000000d5580000)
  object space 70144K, 26% used [0x0000000080000000,0x00000000811ff0c0,0x0000000084480000)
 Metaspace       used 44126K, capacity 45624K, committed 45696K, reserved 1091584K
  class space    used 6125K, capacity 6486K, committed 6528K, reserved 1048576K
}
Event: 11.982 GC heap before
{Heap before GC invocations=15 (full 4):
 PSYoungGen      total 235008K, used 4746K [0x00000000d5580000, 0x00000000e4d00000, 0x0000000100000000)
  eden space 224768K, 2% used [0x00000000d5580000,0x00000000d5a22bb0,0x00000000e3100000)
  from space 10240K, 0% used [0x00000000e4300000,0x00000000e4300000,0x00000000e4d00000)
  to   space 14336K, 0% used [0x00000000e3100000,0x00000000e3100000,0x00000000e3f00000)
 ParOldGen       total 70144K, used 18428K [0x0000000080000000, 0x0000000084480000, 0x00000000d5580000)
  object space 70144K, 26% used [0x0000000080000000,0x00000000811ff0c0,0x0000000084480000)
 Metaspace       used 44418K, capacity 45912K, committed 45952K, reserved 1095680K
  class space    used 6160K, capacity 6518K, committed 6528K, reserved 1048576K
Event: 11.984 GC heap after
Heap after GC invocations=15 (full 4):
 PSYoungGen      total 239104K, used 480K [0x00000000d5580000, 0x00000000e4d00000, 0x0000000100000000)
  eden space 224768K, 0% used [0x00000000d5580000,0x00000000d5580000,0x00000000e3100000)
  from space 14336K, 3% used [0x00000000e3100000,0x00000000e3178000,0x00000000e3f00000)
  to   space 10240K, 0% used [0x00000000e4300000,0x00000000e4300000,0x00000000e4d00000)
 ParOldGen       total 70144K, used 18436K [0x0000000080000000, 0x0000000084480000, 0x00000000d5580000)
  object space 70144K, 26% used [0x0000000080000000,0x00000000812010c0,0x0000000084480000)
 Metaspace       used 44418K, capacity 45912K, committed 45952K, reserved 1095680K
  class space    used 6160K, capacity 6518K, committed 6528K, reserved 1048576K
}
Event: 11.984 GC heap before
{Heap before GC invocations=16 (full 5):
 PSYoungGen      total 239104K, used 480K [0x00000000d5580000, 0x00000000e4d00000, 0x0000000100000000)
  eden space 224768K, 0% used [0x00000000d5580000,0x00000000d5580000,0x00000000e3100000)
  from space 14336K, 3% used [0x00000000e3100000,0x00000000e3178000,0x00000000e3f00000)
  to   space 10240K, 0% used [0x00000000e4300000,0x00000000e4300000,0x00000000e4d00000)
 ParOldGen       total 70144K, used 18436K [0x0000000080000000, 0x0000000084480000, 0x00000000d5580000)
  object space 70144K, 26% used [0x0000000080000000,0x00000000812010c0,0x0000000084480000)
 Metaspace       used 44418K, capacity 45912K, committed 45952K, reserved 1095680K
  class space    used 6160K, capacity 6518K, committed 6528K, reserved 1048576K

