# JRE version: Java(TM) SE Runtime Environment (8.0_221-b11) (build 1.8.0_221-b11)
# Java VM: Java HotSpot(TM) 64-Bit Server VM (25.221-b11 mixed mode windows-amd64 compressed oops)
Heap:
 PSYoungGen      total 351744K, used 29186K [0x00000000d5580000, 0x00000000ecd00000, 0x0000000100000000)
  eden space 327680K, 2% used [0x00000000d5580000,0x00000000d5e7e148,0x00000000e9580000)
  from space 24064K, 83% used [0x00000000eaf00000,0x00000000ec282828,0x00000000ec680000)
  to   space 26112K, 0% used [0x00000000e9580000,0x00000000e9580000,0x00000000eaf00000)
 ParOldGen       total 118784K, used 57252K [0x0000000080000000, 0x0000000087400000, 0x00000000d5580000)
  object space 118784K, 48% used [0x0000000080000000,0x00000000837e9050,0x0000000087400000)
 Metaspace       used 74563K, capacity 78962K, committed 79232K, reserved 1118208K
  class space    used 10451K, capacity 11270K, committed 11392K, reserved 1048576K
GC Heap History (10 events):
Event: 16.956 GC heap before
{Heap before GC invocations=17 (full 3):
 PSYoungGen      total 221696K, used 221695K [0x00000000d5580000, 0x00000000e7000000, 0x0000000100000000)
  eden space 198656K, 100% used [0x00000000d5580000,0x00000000e1780000,0x00000000e1780000)
  from space 23040K, 99% used [0x00000000e1780000,0x00000000e2dffd10,0x00000000e2e00000)
  to   space 27648K, 0% used [0x00000000e5500000,0x00000000e5500000,0x00000000e7000000)
 ParOldGen       total 118784K, used 38836K [0x0000000080000000, 0x0000000087400000, 0x00000000d5580000)
  object space 118784K, 32% used [0x0000000080000000,0x00000000825ed170,0x0000000087400000)
 Metaspace       used 71397K, capacity 75506K, committed 75648K, reserved 1114112K
  class space    used 10073K, capacity 10846K, committed 10880K, reserved 1048576K
Event: 16.996 GC heap after
Heap after GC invocations=17 (full 3):
 PSYoungGen      total 261632K, used 2592K [0x00000000d5580000, 0x00000000e7980000, 0x0000000100000000)
  eden space 233984K, 0% used [0x00000000d5580000,0x00000000d5580000,0x00000000e3a00000)
  from space 27648K, 9% used [0x00000000e5500000,0x00000000e5788218,0x00000000e7000000)
  to   space 27648K, 0% used [0x00000000e3a00000,0x00000000e3a00000,0x00000000e5500000)
 ParOldGen       total 118784K, used 57244K [0x0000000080000000, 0x0000000087400000, 0x00000000d5580000)
  object space 118784K, 48% used [0x0000000080000000,0x00000000837e7050,0x0000000087400000)
 Metaspace       used 71397K, capacity 75506K, committed 75648K, reserved 1114112K
  class space    used 10073K, capacity 10846K, committed 10880K, reserved 1048576K
}
Event: 18.027 GC heap before
{Heap before GC invocations=18 (full 3):
 PSYoungGen      total 261632K, used 236576K [0x00000000d5580000, 0x00000000e7980000, 0x0000000100000000)
  eden space 233984K, 100% used [0x00000000d5580000,0x00000000e3a00000,0x00000000e3a00000)
  from space 27648K, 9% used [0x00000000e5500000,0x00000000e5788218,0x00000000e7000000)
  to   space 27648K, 0% used [0x00000000e3a00000,0x00000000e3a00000,0x00000000e5500000)
 ParOldGen       total 118784K, used 57244K [0x0000000080000000, 0x0000000087400000, 0x00000000d5580000)
  object space 118784K, 48% used [0x0000000080000000,0x00000000837e7050,0x0000000087400000)
 Metaspace       used 72167K, capacity 76336K, committed 76544K, reserved 1114112K
  class space    used 10177K, capacity 10965K, committed 11008K, reserved 1048576K
Event: 18.043 GC heap after
Heap after GC invocations=18 (full 3):
 PSYoungGen      total 261632K, used 6857K [0x00000000d5580000, 0x00000000e9f00000, 0x0000000100000000)
  eden space 233984K, 0% used [0x00000000d5580000,0x00000000d5580000,0x00000000e3a00000)
  from space 27648K, 24% used [0x00000000e3a00000,0x00000000e40b27b0,0x00000000e5500000)
  to   space 26624K, 0% used [0x00000000e8500000,0x00000000e8500000,0x00000000e9f00000)
 ParOldGen       total 118784K, used 57244K [0x0000000080000000, 0x0000000087400000, 0x00000000d5580000)
  object space 118784K, 48% used [0x0000000080000000,0x00000000837e7050,0x0000000087400000)
 Metaspace       used 72167K, capacity 76336K, committed 76544K, reserved 1114112K
  class space    used 10177K, capacity 10965K, committed 11008K, reserved 1048576K
}
Event: 18.850 GC heap before
{Heap before GC invocations=19 (full 3):
 PSYoungGen      total 261632K, used 240841K [0x00000000d5580000, 0x00000000e9f00000, 0x0000000100000000)
  eden space 233984K, 100% used [0x00000000d5580000,0x00000000e3a00000,0x00000000e3a00000)
  from space 27648K, 24% used [0x00000000e3a00000,0x00000000e40b27b0,0x00000000e5500000)
  to   space 26624K, 0% used [0x00000000e8500000,0x00000000e8500000,0x00000000e9f00000)
 ParOldGen       total 118784K, used 57244K [0x0000000080000000, 0x0000000087400000, 0x00000000d5580000)
  object space 118784K, 48% used [0x0000000080000000,0x00000000837e7050,0x0000000087400000)
 Metaspace       used 72588K, capacity 76816K, committed 77184K, reserved 1116160K
  class space    used 10221K, capacity 11019K, committed 11136K, reserved 1048576K
Event: 18.869 GC heap after
Heap after GC invocations=19 (full 3):
 PSYoungGen      total 310784K, used 10372K [0x00000000d5580000, 0x00000000e9d80000, 0x0000000100000000)
  eden space 285696K, 0% used [0x00000000d5580000,0x00000000d5580000,0x00000000e6c80000)
  from space 25088K, 41% used [0x00000000e8500000,0x00000000e8f21008,0x00000000e9d80000)
  to   space 25088K, 0% used [0x00000000e6c80000,0x00000000e6c80000,0x00000000e8500000)
 ParOldGen       total 118784K, used 57244K [0x0000000080000000, 0x0000000087400000, 0x00000000d5580000)
  object space 118784K, 48% used [0x0000000080000000,0x00000000837e7050,0x0000000087400000)
 Metaspace       used 72588K, capacity 76816K, committed 77184K, reserved 1116160K
  class space    used 10221K, capacity 11019K, committed 11136K, reserved 1048576K
}
Event: 20.084 GC heap before
{Heap before GC invocations=20 (full 3):
 PSYoungGen      total 310784K, used 296068K [0x00000000d5580000, 0x00000000e9d80000, 0x0000000100000000)
  eden space 285696K, 100% used [0x00000000d5580000,0x00000000e6c80000,0x00000000e6c80000)
  from space 25088K, 41% used [0x00000000e8500000,0x00000000e8f21008,0x00000000e9d80000)
  to   space 25088K, 0% used [0x00000000e6c80000,0x00000000e6c80000,0x00000000e8500000)
 ParOldGen       total 118784K, used 57244K [0x0000000080000000, 0x0000000087400000, 0x00000000d5580000)
  object space 118784K, 48% used [0x0000000080000000,0x00000000837e7050,0x0000000087400000)
 Metaspace       used 73184K, capacity 77518K, committed 77696K, reserved 1116160K
  class space    used 10285K, capacity 11080K, committed 11136K, reserved 1048576K
Event: 20.119 GC heap after
Heap after GC invocations=20 (full 3):
 PSYoungGen      total 310784K, used 12004K [0x00000000d5580000, 0x00000000ec680000, 0x0000000100000000)
  eden space 285696K, 0% used [0x00000000d5580000,0x00000000d5580000,0x00000000e6c80000)
  from space 25088K, 47% used [0x00000000e6c80000,0x00000000e78391e0,0x00000000e8500000)
  to   space 24064K, 0% used [0x00000000eaf00000,0x00000000eaf00000,0x00000000ec680000)
 ParOldGen       total 118784K, used 57244K [0x0000000080000000, 0x0000000087400000, 0x00000000d5580000)
  object space 118784K, 48% used [0x0000000080000000,0x00000000837e7050,0x0000000087400000)
 Metaspace       used 73184K, capacity 77518K, committed 77696K, reserved 1116160K
  class space    used 10285K, capacity 11080K, committed 11136K, reserved 1048576K
}
Event: 21.616 GC heap before
{Heap before GC invocations=21 (full 3):
 PSYoungGen      total 310784K, used 297700K [0x00000000d5580000, 0x00000000ec680000, 0x0000000100000000)
  eden space 285696K, 100% used [0x00000000d5580000,0x00000000e6c80000,0x00000000e6c80000)
  from space 25088K, 47% used [0x00000000e6c80000,0x00000000e78391e0,0x00000000e8500000)
  to   space 24064K, 0% used [0x00000000eaf00000,0x00000000eaf00000,0x00000000ec680000)
 ParOldGen       total 118784K, used 57244K [0x0000000080000000, 0x0000000087400000, 0x00000000d5580000)
  object space 118784K, 48% used [0x0000000080000000,0x00000000837e7050,0x0000000087400000)
 Metaspace       used 74562K, capacity 78962K, committed 79232K, reserved 1118208K
  class space    used 10451K, capacity 11270K, committed 11392K, reserved 1048576K
Event: 21.664 GC heap after
Heap after GC invocations=21 (full 3):
 PSYoungGen      total 351744K, used 19978K [0x00000000d5580000, 0x00000000ecd00000, 0x0000000100000000)
  eden space 327680K, 0% used [0x00000000d5580000,0x00000000d5580000,0x00000000e9580000)
  from space 24064K, 83% used [0x00000000eaf00000,0x00000000ec282828,0x00000000ec680000)
  to   space 26112K, 0% used [0x00000000e9580000,0x00000000e9580000,0x00000000eaf00000)
 ParOldGen       total 118784K, used 57252K [0x0000000080000000, 0x0000000087400000, 0x00000000d5580000)
  object space 118784K, 48% used [0x0000000080000000,0x00000000837e9050,0x0000000087400000)
 Metaspace       used 74562K, capacity 78962K, committed 79232K, reserved 1118208K
  class space    used 10451K, capacity 11270K, committed 11392K, reserved 1048576K
}

