# JRE version: Java(TM) SE Runtime Environment (8.0_221-b11) (build 1.8.0_221-b11)
# Java VM: Java HotSpot(TM) 64-Bit Server VM (25.221-b11 mixed mode windows-amd64 compressed oops)
Heap:
 PSYoungGen      total 327680K, used 235648K [0x00000000d5580000, 0x00000000ecb00000, 0x0000000100000000)
  eden space 283136K, 78% used [0x00000000d5580000,0x00000000e2e1b7c8,0x00000000e6a00000)
  from space 44544K, 31% used [0x00000000e6a00000,0x00000000e7784888,0x00000000e9580000)
  to   space 44544K, 0% used [0x00000000e9580000,0x00000000e9580000,0x00000000ec100000)
 ParOldGen       total 205312K, used 53343K [0x0000000080000000, 0x000000008c880000, 0x00000000d5580000)
  object space 205312K, 25% used [0x0000000080000000,0x0000000083417ca8,0x000000008c880000)
 Metaspace       used 105042K, capacity 109446K, committed 109568K, reserved 1144832K
  class space    used 13927K, capacity 14771K, committed 14848K, reserved 1048576K
GC Heap History (10 events):
Event: 8982.117 GC heap before
{Heap before GC invocations=21 (full 4):
 PSYoungGen      total 327680K, used 308666K [0x00000000d5580000, 0x00000000ecb00000, 0x0000000100000000)
  eden space 283136K, 100% used [0x00000000d5580000,0x00000000e6a00000,0x00000000e6a00000)
  from space 44544K, 57% used [0x00000000e9580000,0x00000000eae6e8a0,0x00000000ec100000)
  to   space 44544K, 0% used [0x00000000e6a00000,0x00000000e6a00000,0x00000000e9580000)
 ParOldGen       total 205312K, used 53319K [0x0000000080000000, 0x000000008c880000, 0x00000000d5580000)
  object space 205312K, 25% used [0x0000000080000000,0x0000000083411ca8,0x000000008c880000)
 Metaspace       used 104391K, capacity 108764K, committed 109056K, reserved 1142784K
  class space    used 13901K, capacity 14728K, committed 14848K, reserved 1048576K
Event: 8982.147 GC heap after
Heap after GC invocations=21 (full 4):
 PSYoungGen      total 327680K, used 20687K [0x00000000d5580000, 0x00000000ecb00000, 0x0000000100000000)
  eden space 283136K, 0% used [0x00000000d5580000,0x00000000d5580000,0x00000000e6a00000)
  from space 44544K, 46% used [0x00000000e6a00000,0x00000000e7e33c88,0x00000000e9580000)
  to   space 44544K, 0% used [0x00000000e9580000,0x00000000e9580000,0x00000000ec100000)
 ParOldGen       total 205312K, used 53327K [0x0000000080000000, 0x000000008c880000, 0x00000000d5580000)
  object space 205312K, 25% used [0x0000000080000000,0x0000000083413ca8,0x000000008c880000)
 Metaspace       used 104391K, capacity 108764K, committed 109056K, reserved 1142784K
  class space    used 13901K, capacity 14728K, committed 14848K, reserved 1048576K
}
Event: 8983.526 GC heap before
{Heap before GC invocations=22 (full 4):
 PSYoungGen      total 327680K, used 303823K [0x00000000d5580000, 0x00000000ecb00000, 0x0000000100000000)
  eden space 283136K, 100% used [0x00000000d5580000,0x00000000e6a00000,0x00000000e6a00000)
  from space 44544K, 46% used [0x00000000e6a00000,0x00000000e7e33c88,0x00000000e9580000)
  to   space 44544K, 0% used [0x00000000e9580000,0x00000000e9580000,0x00000000ec100000)
 ParOldGen       total 205312K, used 53327K [0x0000000080000000, 0x000000008c880000, 0x00000000d5580000)
  object space 205312K, 25% used [0x0000000080000000,0x0000000083413ca8,0x000000008c880000)
 Metaspace       used 104511K, capacity 108856K, committed 109056K, reserved 1142784K
  class space    used 13917K, capacity 14734K, committed 14848K, reserved 1048576K
Event: 8983.560 GC heap after
Heap after GC invocations=22 (full 4):
 PSYoungGen      total 327680K, used 17555K [0x00000000d5580000, 0x00000000ecb00000, 0x0000000100000000)
  eden space 283136K, 0% used [0x00000000d5580000,0x00000000d5580000,0x00000000e6a00000)
  from space 44544K, 39% used [0x00000000e9580000,0x00000000ea6a4e40,0x00000000ec100000)
  to   space 44544K, 0% used [0x00000000e6a00000,0x00000000e6a00000,0x00000000e9580000)
 ParOldGen       total 205312K, used 53335K [0x0000000080000000, 0x000000008c880000, 0x00000000d5580000)
  object space 205312K, 25% used [0x0000000080000000,0x0000000083415ca8,0x000000008c880000)
 Metaspace       used 104511K, capacity 108856K, committed 109056K, reserved 1142784K
  class space    used 13917K, capacity 14734K, committed 14848K, reserved 1048576K
}
Event: 8984.796 GC heap before
{Heap before GC invocations=23 (full 4):
 PSYoungGen      total 327680K, used 300691K [0x00000000d5580000, 0x00000000ecb00000, 0x0000000100000000)
  eden space 283136K, 100% used [0x00000000d5580000,0x00000000e6a00000,0x00000000e6a00000)
  from space 44544K, 39% used [0x00000000e9580000,0x00000000ea6a4e40,0x00000000ec100000)
  to   space 44544K, 0% used [0x00000000e6a00000,0x00000000e6a00000,0x00000000e9580000)
 ParOldGen       total 205312K, used 53335K [0x0000000080000000, 0x000000008c880000, 0x00000000d5580000)
  object space 205312K, 25% used [0x0000000080000000,0x0000000083415ca8,0x000000008c880000)
 Metaspace       used 104701K, capacity 109196K, committed 109312K, reserved 1144832K
  class space    used 13923K, capacity 14768K, committed 14848K, reserved 1048576K
Event: 8984.825 GC heap after
Heap after GC invocations=23 (full 4):
 PSYoungGen      total 327680K, used 15026K [0x00000000d5580000, 0x00000000ecb00000, 0x0000000100000000)
  eden space 283136K, 0% used [0x00000000d5580000,0x00000000d5580000,0x00000000e6a00000)
  from space 44544K, 33% used [0x00000000e6a00000,0x00000000e78acb38,0x00000000e9580000)
  to   space 44544K, 0% used [0x00000000e9580000,0x00000000e9580000,0x00000000ec100000)
 ParOldGen       total 205312K, used 53335K [0x0000000080000000, 0x000000008c880000, 0x00000000d5580000)
  object space 205312K, 25% used [0x0000000080000000,0x0000000083415ca8,0x000000008c880000)
 Metaspace       used 104701K, capacity 109196K, committed 109312K, reserved 1144832K
  class space    used 13923K, capacity 14768K, committed 14848K, reserved 1048576K
}
Event: 8986.054 GC heap before
{Heap before GC invocations=24 (full 4):
 PSYoungGen      total 327680K, used 298162K [0x00000000d5580000, 0x00000000ecb00000, 0x0000000100000000)
  eden space 283136K, 100% used [0x00000000d5580000,0x00000000e6a00000,0x00000000e6a00000)
  from space 44544K, 33% used [0x00000000e6a00000,0x00000000e78acb38,0x00000000e9580000)
  to   space 44544K, 0% used [0x00000000e9580000,0x00000000e9580000,0x00000000ec100000)
 ParOldGen       total 205312K, used 53335K [0x0000000080000000, 0x000000008c880000, 0x00000000d5580000)
  object space 205312K, 25% used [0x0000000080000000,0x0000000083415ca8,0x000000008c880000)
 Metaspace       used 104744K, capacity 109200K, committed 109312K, reserved 1144832K
  class space    used 13923K, capacity 14768K, committed 14848K, reserved 1048576K
Event: 8986.082 GC heap after
Heap after GC invocations=24 (full 4):
 PSYoungGen      total 327680K, used 15283K [0x00000000d5580000, 0x00000000ecb00000, 0x0000000100000000)
  eden space 283136K, 0% used [0x00000000d5580000,0x00000000d5580000,0x00000000e6a00000)
  from space 44544K, 34% used [0x00000000e9580000,0x00000000ea46ce78,0x00000000ec100000)
  to   space 44544K, 0% used [0x00000000e6a00000,0x00000000e6a00000,0x00000000e9580000)
 ParOldGen       total 205312K, used 53343K [0x0000000080000000, 0x000000008c880000, 0x00000000d5580000)
  object space 205312K, 25% used [0x0000000080000000,0x0000000083417ca8,0x000000008c880000)
 Metaspace       used 104744K, capacity 109200K, committed 109312K, reserved 1144832K
  class space    used 13923K, capacity 14768K, committed 14848K, reserved 1048576K
}
Event: 8987.343 GC heap before
{Heap before GC invocations=25 (full 4):
 PSYoungGen      total 327680K, used 298419K [0x00000000d5580000, 0x00000000ecb00000, 0x0000000100000000)
  eden space 283136K, 100% used [0x00000000d5580000,0x00000000e6a00000,0x00000000e6a00000)
  from space 44544K, 34% used [0x00000000e9580000,0x00000000ea46ce78,0x00000000ec100000)
  to   space 44544K, 0% used [0x00000000e6a00000,0x00000000e6a00000,0x00000000e9580000)
 ParOldGen       total 205312K, used 53343K [0x0000000080000000, 0x000000008c880000, 0x00000000d5580000)
  object space 205312K, 25% used [0x0000000080000000,0x0000000083417ca8,0x000000008c880000)
 Metaspace       used 104943K, capacity 109338K, committed 109568K, reserved 1144832K
  class space    used 13925K, capacity 14769K, committed 14848K, reserved 1048576K
Event: 8987.373 GC heap after
Heap after GC invocations=25 (full 4):
 PSYoungGen      total 327680K, used 13842K [0x00000000d5580000, 0x00000000ecb00000, 0x0000000100000000)
  eden space 283136K, 0% used [0x00000000d5580000,0x00000000d5580000,0x00000000e6a00000)
  from space 44544K, 31% used [0x00000000e6a00000,0x00000000e7784888,0x00000000e9580000)
  to   space 44544K, 0% used [0x00000000e9580000,0x00000000e9580000,0x00000000ec100000)
 ParOldGen       total 205312K, used 53343K [0x0000000080000000, 0x000000008c880000, 0x00000000d5580000)
  object space 205312K, 25% used [0x0000000080000000,0x0000000083417ca8,0x000000008c880000)
 Metaspace       used 104943K, capacity 109338K, committed 109568K, reserved 1144832K
  class space    used 13925K, capacity 14769K, committed 14848K, reserved 1048576K
}

